<?xml version="1.0" encoding="UTF-8"?>
<testsuite name="com.strummer.practice.LibraryValidationTest" tests="3" skipped="0" failures="0" errors="0" timestamp="2026-02-26T17:34:27" hostname="neil-latitude7490" time="0.002">
  <properties/>
  <testcase name="acceptsValidLoopRange" classname="com.strummer.practice.LibraryValidationTest" time="0.001"/>
  <testcase name="rejectsInvalidPracticeConfigTargetLowerThanStart" classname="com.strummer.practice.LibraryValidationTest" time="0.0"/>
  <testcase name="rejectsNegativeTimestamp" classname="com.strummer.practice.LibraryValidationTest" time="0.001"/>
  <system-out><![CDATA[]]></system-out>
  <system-err><![CDATA[]]></system-err>
</testsuite>
