<?xml version="1.0" encoding="UTF-8"?>
<testsuite name="com.strummer.practice.AudioFileCheckerTest" tests="2" skipped="0" failures="0" errors="0" timestamp="2026-02-26T16:55:21" hostname="neil-latitude7490" time="0.017">
  <properties/>
  <testcase name="reportsAvailableFile" classname="com.strummer.practice.AudioFileCheckerTest" time="0.004"/>
  <testcase name="reportsMissingFile" classname="com.strummer.practice.AudioFileCheckerTest" time="0.013"/>
  <system-out><![CDATA[]]></system-out>
  <system-err><![CDATA[]]></system-err>
</testsuite>
