<?xml version="1.0" encoding="UTF-8"?>
<testsuite name="com.strummer.practice.BarLoopTimelineServiceTest" tests="2" skipped="0" failures="0" errors="0" timestamp="2026-02-27T11:00:50" hostname="neil-latitude7490" time="0.047">
  <properties/>
  <testcase name="resolvesHalfBarStepBoundaries" classname="com.strummer.practice.BarLoopTimelineServiceTest" time="0.036"/>
  <testcase name="resolvesChordAndLoopBarAcrossSequence" classname="com.strummer.practice.BarLoopTimelineServiceTest" time="0.01"/>
  <system-out><![CDATA[]]></system-out>
  <system-err><![CDATA[]]></system-err>
</testsuite>
