<?xml version="1.0" encoding="UTF-8"?>
<testsuite name="com.strummer.practice.detection.ChordDraftMergeServiceTest" tests="2" skipped="0" failures="0" errors="0" timestamp="2026-02-26T15:45:01" hostname="neil-latitude7490" time="0.013">
  <properties/>
  <testcase name="appliesSelectedSuggestionsOnlyAndPreservesManualEvents" classname="com.strummer.practice.detection.ChordDraftMergeServiceTest" time="0.011"/>
  <testcase name="replaceModeReplacesManualEventsDeterministically" classname="com.strummer.practice.detection.ChordDraftMergeServiceTest" time="0.001"/>
  <system-out><![CDATA[]]></system-out>
  <system-err><![CDATA[]]></system-err>
</testsuite>
