<?xml version="1.0" encoding="UTF-8"?>
<testsuite name="com.strummer.practice.AudioFileCheckerTest" tests="2" skipped="0" failures="0" errors="0" timestamp="2026-02-26T15:45:01" hostname="neil-latitude7490" time="0.012">
  <properties/>
  <testcase name="reportsAvailableFile" classname="com.strummer.practice.AudioFileCheckerTest" time="0.004"/>
  <testcase name="reportsMissingFile" classname="com.strummer.practice.AudioFileCheckerTest" time="0.008"/>
  <system-out><![CDATA[]]></system-out>
  <system-err><![CDATA[]]></system-err>
</testsuite>
