<?xml version="1.0" encoding="UTF-8"?>
<testsuite name="com.strummer.practice.TimingMathTest" tests="3" skipped="0" failures="0" errors="0" timestamp="2026-02-26T16:42:17" hostname="neil-latitude7490" time="0.003">
  <properties/>
  <testcase name="beatBoundaryDetection" classname="com.strummer.practice.TimingMathTest" time="0.001"/>
  <testcase name="framesPerStepFor8thAt120Bpm" classname="com.strummer.practice.TimingMathTest" time="0.002"/>
  <testcase name="framesPerStepFor16thAt60Bpm" classname="com.strummer.practice.TimingMathTest" time="0.0"/>
  <system-out><![CDATA[]]></system-out>
  <system-err><![CDATA[]]></system-err>
</testsuite>
