<?xml version="1.0" encoding="UTF-8"?>
<testsuite name="com.strummer.practice.PatternDslParserTest" tests="4" skipped="0" failures="0" errors="0" timestamp="2026-02-24T15:08:16" hostname="neil-latitude7490" time="0.067">
  <properties/>
  <testcase name="parsesBasicDslTokens" classname="com.strummer.practice.PatternDslParserTest" time="0.04"/>
  <testcase name="uppercaseNormalizationWorks" classname="com.strummer.practice.PatternDslParserTest" time="0.023"/>
  <testcase name="handlesExtraWhitespaceAndRests" classname="com.strummer.practice.PatternDslParserTest" time="0.0"/>
  <testcase name="failsOnInvalidToken" classname="com.strummer.practice.PatternDslParserTest" time="0.002"/>
  <system-out><![CDATA[]]></system-out>
  <system-err><![CDATA[]]></system-err>
</testsuite>
