<?xml version="1.0" encoding="UTF-8"?>
<testsuite name="com.strummer.practice.PracticeModeServiceTest" tests="2" skipped="0" failures="0" errors="0" timestamp="2026-02-26T13:56:25" hostname="neil-latitude7490" time="0.001">
  <properties/>
  <testcase name="incrementsSpeedAtConfiguredLoopBoundary" classname="com.strummer.practice.PracticeModeServiceTest" time="0.0"/>
  <testcase name="doesNotIncreasePastTarget" classname="com.strummer.practice.PracticeModeServiceTest" time="0.001"/>
  <system-out><![CDATA[]]></system-out>
  <system-err><![CDATA[]]></system-err>
</testsuite>
